[12/4/12 8:58 AM]: 	at com.mysql.jdbc.SQLError.createSQLException(SQLError.java:910)
[12/4/12 8:58 AM]: 	at com.mysql.jdbc.ResultSet.checkClosed(ResultSet.java:655)
[12/4/12 8:58 AM]: 	at com.mysql.jdbc.ResultSet.next(ResultSet.java:7302)
[12/4/12 8:58 AM]: 	at com.rs2.util.sql.VoteSql.compareInfo(VoteSql.java:454)
[12/4/12 8:58 AM]: 	at com.rs2.util.PlayerSave.load(PlayerSave.java:385)
[12/4/12 8:58 AM]: 	at com.rs2.model.players.Player.beginLogin(Player.java:1494)
[12/4/12 8:58 AM]: 	at com.rs2.net.Login.handleLogin(Login.java:209)
[12/4/12 8:58 AM]: 	at com.rs2.net.packet.PacketManager.handleIncomingData(PacketManager.java:207)
[12/4/12 8:58 AM]: 	at com.rs2.net.DedicatedReactor.run(DedicatedReactor.java:49)
[12/4/12 9:06 AM]: 	at com.mysql.jdbc.SQLError.createSQLException(SQLError.java:910)
[12/4/12 9:06 AM]: 	at com.mysql.jdbc.ResultSet.checkClosed(ResultSet.java:655)
[12/4/12 9:06 AM]: 	at com.mysql.jdbc.ResultSet.next(ResultSet.java:7302)
[12/4/12 9:06 AM]: 	at com.rs2.util.sql.VoteSql.compareInfo(VoteSql.java:454)
[12/4/12 9:06 AM]: 	at com.rs2.util.PlayerSave.load(PlayerSave.java:385)
[12/4/12 9:06 AM]: 	at com.rs2.model.players.Player.beginLogin(Player.java:1494)
[12/4/12 9:06 AM]: 	at com.rs2.net.Login.handleLogin(Login.java:209)
[12/4/12 9:06 AM]: 	at com.rs2.net.packet.PacketManager.handleIncomingData(PacketManager.java:207)
[12/4/12 9:06 AM]: 	at com.rs2.net.DedicatedReactor.run(DedicatedReactor.java:49)
[12/4/12 9:08 AM]: 	at com.mysql.jdbc.SQLError.createSQLException(SQLError.java:910)
[12/4/12 9:08 AM]: 	at com.mysql.jdbc.ResultSet.checkClosed(ResultSet.java:655)
[12/4/12 9:08 AM]: 	at com.mysql.jdbc.ResultSet.next(ResultSet.java:7302)
[12/4/12 9:08 AM]: 	at com.rs2.util.sql.VoteSql.compareInfo(VoteSql.java:454)
[12/4/12 9:08 AM]: 	at com.rs2.util.PlayerSave.load(PlayerSave.java:385)
[12/4/12 9:08 AM]: 	at com.rs2.model.players.Player.beginLogin(Player.java:1494)
[12/4/12 9:08 AM]: 	at com.rs2.net.Login.handleLogin(Login.java:209)
[12/4/12 9:08 AM]: 	at com.rs2.net.packet.PacketManager.handleIncomingData(PacketManager.java:207)
[12/4/12 9:08 AM]: 	at com.rs2.net.DedicatedReactor.run(DedicatedReactor.java:49)
[12/4/12 9:08 AM]: 	at com.mysql.jdbc.SQLError.createSQLException(SQLError.java:910)
[12/4/12 9:08 AM]: 	at com.mysql.jdbc.ResultSet.checkClosed(ResultSet.java:655)
[12/4/12 9:08 AM]: 	at com.mysql.jdbc.ResultSet.checkRowPos(ResultSet.java:693)
[12/4/12 9:08 AM]: 	at com.mysql.jdbc.ResultSet.getStringInternal(ResultSet.java:5653)
[12/4/12 9:08 AM]: 	at com.mysql.jdbc.ResultSet.getString(ResultSet.java:5597)
[12/4/12 9:08 AM]: 	at com.mysql.jdbc.ResultSet.getString(ResultSet.java:5613)
[12/4/12 9:08 AM]: 	at com.rs2.util.sql.VoteSql.getSalt(VoteSql.java:430)
[12/4/12 9:08 AM]: 	at com.rs2.util.PlayerSave.load(PlayerSave.java:384)
[12/4/12 9:08 AM]: 	at com.rs2.model.players.Player.beginLogin(Player.java:1494)
[12/4/12 9:08 AM]: 	at com.rs2.net.Login.handleLogin(Login.java:209)
[12/4/12 9:08 AM]: 	at com.rs2.net.packet.PacketManager.handleIncomingData(PacketManager.java:207)
[12/4/12 9:08 AM]: 	at com.rs2.net.DedicatedReactor.run(DedicatedReactor.java:49)
[12/4/12 9:09 AM]: 	at com.mysql.jdbc.SQLError.createSQLException(SQLError.java:910)
[12/4/12 9:09 AM]: 	at com.mysql.jdbc.ResultSet.checkClosed(ResultSet.java:655)
[12/4/12 9:09 AM]: 	at com.mysql.jdbc.ResultSet.next(ResultSet.java:7302)
[12/4/12 9:09 AM]: 	at com.rs2.util.sql.VoteSql.getSalt(VoteSql.java:429)
[12/4/12 9:09 AM]: 	at com.rs2.util.PlayerSave.load(PlayerSave.java:384)
[12/4/12 9:09 AM]: 	at com.rs2.model.players.Player.beginLogin(Player.java:1494)
[12/4/12 9:09 AM]: 	at com.rs2.net.Login.handleLogin(Login.java:209)
[12/4/12 9:09 AM]: 	at com.rs2.net.packet.PacketManager.handleIncomingData(PacketManager.java:207)
[12/4/12 9:09 AM]: 	at com.rs2.net.DedicatedReactor.run(DedicatedReactor.java:49)
[12/4/12 9:18 AM]: 	at com.mysql.jdbc.SQLError.createSQLException(SQLError.java:910)
[12/4/12 9:18 AM]: 	at com.mysql.jdbc.ResultSet.getStringInternal(ResultSet.java:5657)
[12/4/12 9:18 AM]: 	at com.mysql.jdbc.ResultSet.getString(ResultSet.java:5597)
[12/4/12 9:18 AM]: 	at com.mysql.jdbc.ResultSet.getString(ResultSet.java:5613)
[12/4/12 9:18 AM]: 	at com.rs2.util.sql.VoteSql.compareInfo(VoteSql.java:455)
[12/4/12 9:18 AM]: 	at com.rs2.util.PlayerSave.load(PlayerSave.java:385)
[12/4/12 9:18 AM]: 	at com.rs2.model.players.Player.beginLogin(Player.java:1494)
[12/4/12 9:18 AM]: 	at com.rs2.net.Login.handleLogin(Login.java:209)
[12/4/12 9:18 AM]: 	at com.rs2.net.packet.PacketManager.handleIncomingData(PacketManager.java:207)
[12/4/12 9:18 AM]: 	at com.rs2.net.DedicatedReactor.run(DedicatedReactor.java:49)
[12/4/12 9:46 AM]: 	at com.mysql.jdbc.SQLError.createSQLException(SQLError.java:910)
[12/4/12 9:46 AM]: 	at com.mysql.jdbc.ResultSet.checkClosed(ResultSet.java:655)
[12/4/12 9:46 AM]: 	at com.mysql.jdbc.ResultSet.next(ResultSet.java:7302)
[12/4/12 9:46 AM]: 	at com.rs2.util.sql.VoteSql.getSalt(VoteSql.java:429)
[12/4/12 9:46 AM]: 	at com.rs2.util.PlayerSave.load(PlayerSave.java:384)
[12/4/12 9:46 AM]: 	at com.rs2.model.players.Player.beginLogin(Player.java:1494)
[12/4/12 9:46 AM]: 	at com.rs2.net.Login.handleLogin(Login.java:209)
[12/4/12 9:46 AM]: 	at com.rs2.net.packet.PacketManager.handleIncomingData(PacketManager.java:207)
[12/4/12 9:46 AM]: 	at com.rs2.net.DedicatedReactor.run(DedicatedReactor.java:49)
[12/4/12 9:55 AM]: 	at com.rs2.net.packet.packets.PlayerOptionPacketHandler$1.execute(PlayerOptionPacketHandler.java:93)
[12/4/12 9:55 AM]: 	at com.rs2.model.tick.Tick.cycle(Tick.java:139)
[12/4/12 9:55 AM]: 	at com.rs2.model.World.process(World.java:75)
[12/4/12 9:55 AM]: 	at com.rs2.Server.cycle(Server.java:330)
[12/4/12 9:55 AM]: 	at com.rs2.Server.run(Server.java:203)
[12/4/12 9:55 AM]: 	at java.lang.Thread.run(Unknown Source)
[12/4/12 9:56 AM]: 	at com.rs2.net.packet.packets.PlayerOptionPacketHandler$1.execute(PlayerOptionPacketHandler.java:93)
[12/4/12 9:56 AM]: 	at com.rs2.model.tick.Tick.cycle(Tick.java:139)
[12/4/12 9:56 AM]: 	at com.rs2.model.World.process(World.java:75)
[12/4/12 9:56 AM]: 	at com.rs2.Server.cycle(Server.java:330)
[12/4/12 9:56 AM]: 	at com.rs2.Server.run(Server.java:203)
[12/4/12 9:56 AM]: 	at java.lang.Thread.run(Unknown Source)
[12/4/12 10:03 AM]: 	at com.mysql.jdbc.SQLError.createSQLException(SQLError.java:910)
[12/4/12 10:03 AM]: 	at com.mysql.jdbc.ResultSet.checkClosed(ResultSet.java:655)
[12/4/12 10:03 AM]: 	at com.mysql.jdbc.ResultSet.next(ResultSet.java:7302)
[12/4/12 10:03 AM]: 	at com.rs2.util.sql.VoteSql.compareInfo(VoteSql.java:454)
[12/4/12 10:03 AM]: 	at com.rs2.util.PlayerSave.load(PlayerSave.java:385)
[12/4/12 10:03 AM]: 	at com.rs2.model.players.Player.beginLogin(Player.java:1494)
[12/4/12 10:03 AM]: 	at com.rs2.net.Login.handleLogin(Login.java:209)
[12/4/12 10:03 AM]: 	at com.rs2.net.packet.PacketManager.handleIncomingData(PacketManager.java:207)
[12/4/12 10:03 AM]: 	at com.rs2.net.DedicatedReactor.run(DedicatedReactor.java:49)
[12/4/12 10:04 AM]: 	at com.mysql.jdbc.SQLError.createSQLException(SQLError.java:910)
[12/4/12 10:04 AM]: 	at com.mysql.jdbc.ResultSet.checkClosed(ResultSet.java:655)
[12/4/12 10:04 AM]: 	at com.mysql.jdbc.ResultSet.next(ResultSet.java:7302)
[12/4/12 10:04 AM]: 	at com.rs2.util.sql.VoteSql.getSalt(VoteSql.java:429)
[12/4/12 10:04 AM]: 	at com.rs2.util.PlayerSave.load(PlayerSave.java:384)
[12/4/12 10:04 AM]: 	at com.rs2.model.players.Player.beginLogin(Player.java:1494)
[12/4/12 10:04 AM]: 	at com.rs2.net.Login.handleLogin(Login.java:209)
[12/4/12 10:04 AM]: 	at com.rs2.net.packet.PacketManager.handleIncomingData(PacketManager.java:207)
[12/4/12 10:04 AM]: 	at com.rs2.net.DedicatedReactor.run(DedicatedReactor.java:49)
[12/4/12 12:20 PM]: 	at com.rs2.net.packet.packets.ItemPacketHandler.handlePickupItem(ItemPacketHandler.java:383)
[12/4/12 12:20 PM]: 	at com.rs2.net.packet.packets.ItemPacketHandler.handlePacket(ItemPacketHandler.java:116)
[12/4/12 12:20 PM]: 	at com.rs2.net.packet.PacketManager.handlePacket(PacketManager.java:141)
[12/4/12 12:20 PM]: 	at com.rs2.model.players.Player.handlePacket(Player.java:544)
[12/4/12 12:20 PM]: 	at com.rs2.net.packet.PacketManager.handleIncomingData(PacketManager.java:232)
[12/4/12 12:20 PM]: 	at com.rs2.Server.cycle(Server.java:318)
[12/4/12 12:20 PM]: 	at com.rs2.Server.run(Server.java:203)
[12/4/12 12:20 PM]: 	at java.lang.Thread.run(Unknown Source)
[12/4/12 12:25 PM]: 	at com.rs2.model.content.skills.magic.MagicSkill$9.onExecute(MagicSkill.java:384)
[12/4/12 12:25 PM]: 	at com.rs2.model.content.skills.magic.MagicSkill.execute(MagicSkill.java:115)
[12/4/12 12:25 PM]: 	at com.rs2.model.content.skills.magic.MagicSkill.initialize(MagicSkill.java:105)
[12/4/12 12:25 PM]: 	at com.rs2.model.content.skills.magic.MagicSkill.doSpellOnGroundItem(MagicSkill.java:418)
[12/4/12 12:25 PM]: 	at com.rs2.model.content.skills.magic.MagicSkill$8.execute(MagicSkill.java:365)
[12/4/12 12:25 PM]: 	at com.rs2.model.tick.CycleEventContainer.execute(CycleEventContainer.java:61)
[12/4/12 12:25 PM]: 	at com.rs2.model.tick.CycleEventHandler.tick(CycleEventHandler.java:83)
[12/4/12 12:25 PM]: 	at com.rs2.model.World.process(World.java:130)
[12/4/12 12:25 PM]: 	at com.rs2.Server.cycle(Server.java:330)
[12/4/12 12:25 PM]: 	at com.rs2.Server.run(Server.java:203)
[12/4/12 12:25 PM]: 	at java.lang.Thread.run(Unknown Source)
[12/4/12 12:41 PM]: 	at com.rs2.model.content.skills.fishing.FishingSpots.spotExists(FishingSpots.java:137)
[12/4/12 12:41 PM]: 	at com.rs2.model.content.skills.fishing.Fishing.fish(Fishing.java:103)
[12/4/12 12:41 PM]: 	at com.rs2.model.players.WalkToActionHandler$5.execute(WalkToActionHandler.java:1916)
[12/4/12 12:41 PM]: 	at com.rs2.model.tick.Tick.cycle(Tick.java:135)
[12/4/12 12:41 PM]: 	at com.rs2.model.World.process(World.java:75)
[12/4/12 12:41 PM]: 	at com.rs2.Server.cycle(Server.java:330)
[12/4/12 12:41 PM]: 	at com.rs2.Server.run(Server.java:203)
[12/4/12 12:41 PM]: 	at java.lang.Thread.run(Unknown Source)
[12/4/12 12:41 PM]: 	at com.rs2.model.content.skills.fishing.FishingSpots.spotExists(FishingSpots.java:137)
[12/4/12 12:41 PM]: 	at com.rs2.model.content.skills.fishing.Fishing.fish(Fishing.java:103)
[12/4/12 12:41 PM]: 	at com.rs2.model.players.WalkToActionHandler$5.execute(WalkToActionHandler.java:1916)
[12/4/12 12:41 PM]: 	at com.rs2.model.tick.Tick.cycle(Tick.java:135)
[12/4/12 12:41 PM]: 	at com.rs2.model.World.process(World.java:75)
[12/4/12 12:41 PM]: 	at com.rs2.Server.cycle(Server.java:330)
[12/4/12 12:41 PM]: 	at com.rs2.Server.run(Server.java:203)
[12/4/12 12:41 PM]: 	at java.lang.Thread.run(Unknown Source)
[12/4/12 12:41 PM]: 	at com.rs2.model.content.skills.fishing.FishingSpots.spotExists(FishingSpots.java:137)
[12/4/12 12:41 PM]: 	at com.rs2.model.content.skills.fishing.Fishing.fish(Fishing.java:103)
[12/4/12 12:41 PM]: 	at com.rs2.model.players.WalkToActionHandler$5.execute(WalkToActionHandler.java:1916)
[12/4/12 12:41 PM]: 	at com.rs2.model.tick.Tick.cycle(Tick.java:135)
[12/4/12 12:41 PM]: 	at com.rs2.model.World.process(World.java:75)
[12/4/12 12:41 PM]: 	at com.rs2.Server.cycle(Server.java:330)
[12/4/12 12:41 PM]: 	at com.rs2.Server.run(Server.java:203)
[12/4/12 12:41 PM]: 	at java.lang.Thread.run(Unknown Source)
[12/4/12 12:55 PM]: 	at com.rs2.model.content.skills.fishing.FishingSpots.spotExists(FishingSpots.java:137)
[12/4/12 12:55 PM]: 	at com.rs2.model.content.skills.fishing.Fishing.fish(Fishing.java:103)
[12/4/12 12:55 PM]: 	at com.rs2.model.players.WalkToActionHandler$5.execute(WalkToActionHandler.java:1916)
[12/4/12 12:55 PM]: 	at com.rs2.model.tick.Tick.cycle(Tick.java:135)
[12/4/12 12:55 PM]: 	at com.rs2.model.World.process(World.java:75)
[12/4/12 12:55 PM]: 	at com.rs2.Server.cycle(Server.java:330)
[12/4/12 12:55 PM]: 	at com.rs2.Server.run(Server.java:203)
[12/4/12 12:55 PM]: 	at java.lang.Thread.run(Unknown Source)
[12/4/12 12:56 PM]: 	at com.rs2.model.content.skills.fishing.FishingSpots.spotExists(FishingSpots.java:137)
[12/4/12 12:56 PM]: 	at com.rs2.model.content.skills.fishing.Fishing.fish(Fishing.java:103)
[12/4/12 12:56 PM]: 	at com.rs2.model.players.WalkToActionHandler$5.execute(WalkToActionHandler.java:1916)
[12/4/12 12:56 PM]: 	at com.rs2.model.tick.Tick.cycle(Tick.java:135)
[12/4/12 12:56 PM]: 	at com.rs2.model.World.process(World.java:75)
[12/4/12 12:56 PM]: 	at com.rs2.Server.cycle(Server.java:330)
[12/4/12 12:56 PM]: 	at com.rs2.Server.run(Server.java:203)
[12/4/12 12:56 PM]: 	at java.lang.Thread.run(Unknown Source)
[12/4/12 1:22 PM]: 	at com.rs2.model.content.skills.fishing.FishingSpots.spotExists(FishingSpots.java:137)
[12/4/12 1:22 PM]: 	at com.rs2.model.content.skills.fishing.Fishing.fish(Fishing.java:103)
[12/4/12 1:22 PM]: 	at com.rs2.model.players.WalkToActionHandler$5.execute(WalkToActionHandler.java:1916)
[12/4/12 1:22 PM]: 	at com.rs2.model.tick.Tick.cycle(Tick.java:135)
[12/4/12 1:22 PM]: 	at com.rs2.model.World.process(World.java:75)
[12/4/12 1:22 PM]: 	at com.rs2.Server.cycle(Server.java:330)
[12/4/12 1:22 PM]: 	at com.rs2.Server.run(Server.java:203)
[12/4/12 1:22 PM]: 	at java.lang.Thread.run(Unknown Source)
[12/4/12 1:22 PM]: 	at com.rs2.model.content.skills.fishing.FishingSpots.spotExists(FishingSpots.java:137)
[12/4/12 1:22 PM]: 	at com.rs2.model.content.skills.fishing.Fishing.fish(Fishing.java:103)
[12/4/12 1:22 PM]: 	at com.rs2.model.players.WalkToActionHandler$5.execute(WalkToActionHandler.java:1916)
[12/4/12 1:22 PM]: 	at com.rs2.model.tick.Tick.cycle(Tick.java:135)
[12/4/12 1:22 PM]: 	at com.rs2.model.World.process(World.java:75)
[12/4/12 1:22 PM]: 	at com.rs2.Server.cycle(Server.java:330)
[12/4/12 1:22 PM]: 	at com.rs2.Server.run(Server.java:203)
[12/4/12 1:22 PM]: 	at java.lang.Thread.run(Unknown Source)
[12/4/12 1:31 PM]: 	at com.rs2.model.content.skills.fishing.FishingSpots.spotExists(FishingSpots.java:137)
[12/4/12 1:31 PM]: 	at com.rs2.model.content.skills.fishing.Fishing.fish(Fishing.java:103)
[12/4/12 1:31 PM]: 	at com.rs2.model.players.WalkToActionHandler$5.execute(WalkToActionHandler.java:1916)
[12/4/12 1:31 PM]: 	at com.rs2.model.tick.Tick.cycle(Tick.java:135)
[12/4/12 1:31 PM]: 	at com.rs2.model.World.process(World.java:75)
[12/4/12 1:31 PM]: 	at com.rs2.Server.cycle(Server.java:330)
[12/4/12 1:31 PM]: 	at com.rs2.Server.run(Server.java:203)
[12/4/12 1:31 PM]: 	at java.lang.Thread.run(Unknown Source)
[12/4/12 9:02 PM]: 	at com.rs2.net.packet.packets.PlayerOptionPacketHandler$1.execute(PlayerOptionPacketHandler.java:93)
[12/4/12 9:02 PM]: 	at com.rs2.model.tick.Tick.cycle(Tick.java:139)
[12/4/12 9:02 PM]: 	at com.rs2.model.World.process(World.java:75)
[12/4/12 9:02 PM]: 	at com.rs2.Server.cycle(Server.java:330)
[12/4/12 9:02 PM]: 	at com.rs2.Server.run(Server.java:203)
[12/4/12 9:02 PM]: 	at java.lang.Thread.run(Unknown Source)
[12/4/12 9:06 PM]: 	at com.mysql.jdbc.SQLError.createSQLException(SQLError.java:910)
[12/4/12 9:06 PM]: 	at com.mysql.jdbc.ResultSet.checkClosed(ResultSet.java:655)
[12/4/12 9:06 PM]: 	at com.mysql.jdbc.ResultSet.next(ResultSet.java:7302)
[12/4/12 9:06 PM]: 	at com.rs2.util.sql.VoteSql.compareInfo(VoteSql.java:454)
[12/4/12 9:06 PM]: 	at com.rs2.util.PlayerSave.load(PlayerSave.java:385)
[12/4/12 9:06 PM]: 	at com.rs2.model.players.Player.beginLogin(Player.java:1494)
[12/4/12 9:06 PM]: 	at com.rs2.net.Login.handleLogin(Login.java:209)
[12/4/12 9:06 PM]: 	at com.rs2.net.packet.PacketManager.handleIncomingData(PacketManager.java:207)
[12/4/12 9:06 PM]: 	at com.rs2.net.DedicatedReactor.run(DedicatedReactor.java:49)
[12/4/12 9:11 PM]: 	at com.mysql.jdbc.SQLError.createSQLException(SQLError.java:910)
[12/4/12 9:11 PM]: 	at com.mysql.jdbc.ResultSet.checkClosed(ResultSet.java:655)
[12/4/12 9:11 PM]: 	at com.mysql.jdbc.ResultSet.next(ResultSet.java:7302)
[12/4/12 9:11 PM]: 	at com.rs2.util.sql.VoteSql.compareInfo(VoteSql.java:454)
[12/4/12 9:11 PM]: 	at com.rs2.util.PlayerSave.load(PlayerSave.java:385)
[12/4/12 9:11 PM]: 	at com.rs2.model.players.Player.beginLogin(Player.java:1494)
[12/4/12 9:11 PM]: 	at com.rs2.net.Login.handleLogin(Login.java:209)
[12/4/12 9:11 PM]: 	at com.rs2.net.packet.PacketManager.handleIncomingData(PacketManager.java:207)
[12/4/12 9:11 PM]: 	at com.rs2.net.DedicatedReactor.run(DedicatedReactor.java:49)
[12/4/12 9:13 PM]: 	at com.mysql.jdbc.SQLError.createSQLException(SQLError.java:910)
[12/4/12 9:13 PM]: 	at com.mysql.jdbc.ResultSet.checkClosed(ResultSet.java:655)
[12/4/12 9:13 PM]: 	at com.mysql.jdbc.ResultSet.next(ResultSet.java:7302)
[12/4/12 9:13 PM]: 	at com.rs2.util.sql.VoteSql.compareInfo(VoteSql.java:454)
[12/4/12 9:13 PM]: 	at com.rs2.util.PlayerSave.load(PlayerSave.java:385)
[12/4/12 9:13 PM]: 	at com.rs2.model.players.Player.beginLogin(Player.java:1494)
[12/4/12 9:13 PM]: 	at com.rs2.net.Login.handleLogin(Login.java:209)
[12/4/12 9:13 PM]: 	at com.rs2.net.packet.PacketManager.handleIncomingData(PacketManager.java:207)
[12/4/12 9:13 PM]: 	at com.rs2.net.DedicatedReactor.run(DedicatedReactor.java:49)
[12/4/12 9:14 PM]: 	at java.util.LinkedList$ListItr.checkForComodification(Unknown Source)
[12/4/12 9:14 PM]: 	at java.util.LinkedList$ListItr.remove(Unknown Source)
[12/4/12 9:14 PM]: 	at com.rs2.Server.cycle(Server.java:342)
[12/4/12 9:14 PM]: 	at com.rs2.Server.run(Server.java:203)
[12/4/12 9:14 PM]: 	at java.lang.Thread.run(Unknown Source)
[12/4/12 9:14 PM]: 	at java.util.LinkedList$ListItr.checkForComodification(Unknown Source)
[12/4/12 9:14 PM]: 	at java.util.LinkedList$ListItr.remove(Unknown Source)
[12/4/12 9:14 PM]: 	at com.rs2.Server.cycle(Server.java:342)
[12/4/12 9:14 PM]: 	at com.rs2.Server.run(Server.java:203)
[12/4/12 9:14 PM]: 	at java.lang.Thread.run(Unknown Source)
[12/4/12 9:18 PM]: 	at com.rs2.Server.sleep(Server.java:360)
[12/4/12 9:18 PM]: 	at com.rs2.Server.run(Server.java:204)
[12/4/12 9:18 PM]: 	at java.lang.Thread.run(Unknown Source)
[12/4/12 9:19 PM]: 	at com.rs2.model.content.combat.CombatManager.endDeath(CombatManager.java:284)
[12/4/12 9:19 PM]: 	at com.rs2.model.content.combat.CombatManager$2.execute(CombatManager.java:251)
[12/4/12 9:19 PM]: 	at com.rs2.model.tick.Tick.cycle(Tick.java:139)
[12/4/12 9:19 PM]: 	at com.rs2.model.World.process(World.java:75)
[12/4/12 9:19 PM]: 	at com.rs2.Server.cycle(Server.java:330)
[12/4/12 9:19 PM]: 	at com.rs2.Server.run(Server.java:203)
[12/4/12 9:19 PM]: 	at java.lang.Thread.run(Unknown Source)
[12/4/12 9:21 PM]: 	at com.mysql.jdbc.SQLError.createSQLException(SQLError.java:910)
[12/4/12 9:21 PM]: 	at com.mysql.jdbc.ResultSet.checkClosed(ResultSet.java:655)
[12/4/12 9:21 PM]: 	at com.mysql.jdbc.ResultSet.checkRowPos(ResultSet.java:693)
[12/4/12 9:21 PM]: 	at com.mysql.jdbc.ResultSet.getStringInternal(ResultSet.java:5653)
[12/4/12 9:21 PM]: 	at com.mysql.jdbc.ResultSet.getString(ResultSet.java:5597)
[12/4/12 9:21 PM]: 	at com.mysql.jdbc.ResultSet.getString(ResultSet.java:5613)
[12/4/12 9:21 PM]: 	at com.rs2.util.sql.VoteSql.getSalt(VoteSql.java:430)
[12/4/12 9:21 PM]: 	at com.rs2.util.PlayerSave.load(PlayerSave.java:384)
[12/4/12 9:21 PM]: 	at com.rs2.model.players.Player.beginLogin(Player.java:1492)
[12/4/12 9:21 PM]: 	at com.rs2.net.Login.handleLogin(Login.java:209)
[12/4/12 9:21 PM]: 	at com.rs2.net.packet.PacketManager.handleIncomingData(PacketManager.java:207)
[12/4/12 9:21 PM]: 	at com.rs2.net.DedicatedReactor.run(DedicatedReactor.java:49)
[12/4/12 9:36 PM]: 	at com.mysql.jdbc.SQLError.createSQLException(SQLError.java:910)
[12/4/12 9:36 PM]: 	at com.mysql.jdbc.ResultSet.checkClosed(ResultSet.java:655)
[12/4/12 9:36 PM]: 	at com.mysql.jdbc.ResultSet.next(ResultSet.java:7302)
[12/4/12 9:36 PM]: 	at com.rs2.util.sql.VoteSql.getSalt(VoteSql.java:429)
[12/4/12 9:36 PM]: 	at com.rs2.util.PlayerSave.load(PlayerSave.java:384)
[12/4/12 9:36 PM]: 	at com.rs2.model.players.Player.beginLogin(Player.java:1492)
[12/4/12 9:36 PM]: 	at com.rs2.net.Login.handleLogin(Login.java:209)
[12/4/12 9:36 PM]: 	at com.rs2.net.packet.PacketManager.handleIncomingData(PacketManager.java:207)
[12/4/12 9:36 PM]: 	at com.rs2.net.DedicatedReactor.run(DedicatedReactor.java:49)
[12/4/12 9:40 PM]: 	at java.util.LinkedList$ListItr.checkForComodification(Unknown Source)
[12/4/12 9:40 PM]: 	at java.util.LinkedList$ListItr.remove(Unknown Source)
[12/4/12 9:40 PM]: 	at com.rs2.Server.cycle(Server.java:342)
[12/4/12 9:40 PM]: 	at com.rs2.Server.run(Server.java:203)
[12/4/12 9:40 PM]: 	at java.lang.Thread.run(Unknown Source)
[12/4/12 9:40 PM]: 	at com.rs2.model.content.combat.CombatManager.endDeath(CombatManager.java:284)
[12/4/12 9:40 PM]: 	at com.rs2.model.content.combat.CombatManager$2.execute(CombatManager.java:251)
[12/4/12 9:40 PM]: 	at com.rs2.model.tick.Tick.cycle(Tick.java:139)
[12/4/12 9:40 PM]: 	at com.rs2.model.World.process(World.java:75)
[12/4/12 9:40 PM]: 	at com.rs2.Server.cycle(Server.java:330)
[12/4/12 9:40 PM]: 	at com.rs2.Server.run(Server.java:203)
[12/4/12 9:40 PM]: 	at java.lang.Thread.run(Unknown Source)
[12/4/12 9:45 PM]: 	at com.mysql.jdbc.SQLError.createSQLException(SQLError.java:910)
[12/4/12 9:45 PM]: 	at com.mysql.jdbc.ResultSet.checkClosed(ResultSet.java:655)
[12/4/12 9:45 PM]: 	at com.mysql.jdbc.ResultSet.next(ResultSet.java:7302)
[12/4/12 9:45 PM]: 	at com.rs2.util.sql.VoteSql.getSalt(VoteSql.java:429)
[12/4/12 9:45 PM]: 	at com.rs2.util.PlayerSave.load(PlayerSave.java:384)
[12/4/12 9:45 PM]: 	at com.rs2.model.players.Player.beginLogin(Player.java:1492)
[12/4/12 9:45 PM]: 	at com.rs2.net.Login.handleLogin(Login.java:209)
[12/4/12 9:45 PM]: 	at com.rs2.net.packet.PacketManager.handleIncomingData(PacketManager.java:207)
[12/4/12 9:45 PM]: 	at com.rs2.net.DedicatedReactor.run(DedicatedReactor.java:49)
[12/4/12 9:51 PM]: 	at com.mysql.jdbc.SQLError.createSQLException(SQLError.java:910)
[12/4/12 9:51 PM]: 	at com.mysql.jdbc.ResultSet.checkClosed(ResultSet.java:655)
[12/4/12 9:51 PM]: 	at com.mysql.jdbc.ResultSet.next(ResultSet.java:7302)
[12/4/12 9:51 PM]: 	at com.rs2.util.sql.VoteSql.getSalt(VoteSql.java:429)
[12/4/12 9:51 PM]: 	at com.rs2.util.PlayerSave.load(PlayerSave.java:384)
[12/4/12 9:51 PM]: 	at com.rs2.model.players.Player.beginLogin(Player.java:1492)
[12/4/12 9:51 PM]: 	at com.rs2.net.Login.handleLogin(Login.java:209)
[12/4/12 9:51 PM]: 	at com.rs2.net.packet.PacketManager.handleIncomingData(PacketManager.java:207)
[12/4/12 9:51 PM]: 	at com.rs2.net.DedicatedReactor.run(DedicatedReactor.java:49)
[12/4/12 10:07 PM]: 	at com.mysql.jdbc.SQLError.createSQLException(SQLError.java:910)
[12/4/12 10:07 PM]: 	at com.mysql.jdbc.ResultSet.checkClosed(ResultSet.java:655)
[12/4/12 10:07 PM]: 	at com.mysql.jdbc.ResultSet.next(ResultSet.java:7302)
[12/4/12 10:07 PM]: 	at com.rs2.util.sql.VoteSql.getSalt(VoteSql.java:429)
[12/4/12 10:07 PM]: 	at com.rs2.util.PlayerSave.load(PlayerSave.java:384)
[12/4/12 10:07 PM]: 	at com.rs2.model.players.Player.beginLogin(Player.java:1492)
[12/4/12 10:07 PM]: 	at com.rs2.net.Login.handleLogin(Login.java:209)
[12/4/12 10:07 PM]: 	at com.rs2.net.packet.PacketManager.handleIncomingData(PacketManager.java:207)
[12/4/12 10:07 PM]: 	at com.rs2.net.DedicatedReactor.run(DedicatedReactor.java:49)
[12/4/12 10:13 PM]: 	at com.mysql.jdbc.SQLError.createSQLException(SQLError.java:910)
[12/4/12 10:13 PM]: 	at com.mysql.jdbc.ResultSet.checkClosed(ResultSet.java:655)
[12/4/12 10:13 PM]: 	at com.mysql.jdbc.ResultSet.next(ResultSet.java:7302)
[12/4/12 10:13 PM]: 	at com.rs2.util.sql.VoteSql.getSalt(VoteSql.java:429)
[12/4/12 10:13 PM]: 	at com.rs2.util.PlayerSave.load(PlayerSave.java:384)
[12/4/12 10:13 PM]: 	at com.rs2.model.players.Player.beginLogin(Player.java:1492)
[12/4/12 10:13 PM]: 	at com.rs2.net.Login.handleLogin(Login.java:209)
[12/4/12 10:13 PM]: 	at com.rs2.net.packet.PacketManager.handleIncomingData(PacketManager.java:207)
[12/4/12 10:13 PM]: 	at com.rs2.net.DedicatedReactor.run(DedicatedReactor.java:49)
[12/4/12 10:21 PM]: 	at com.mysql.jdbc.ResultSet.buildIndexMapping(ResultSet.java:615)
[12/4/12 10:21 PM]: 	at com.mysql.jdbc.ResultSet.findColumn(ResultSet.java:946)
[12/4/12 10:21 PM]: 	at com.mysql.jdbc.ResultSet.getString(ResultSet.java:5613)
[12/4/12 10:21 PM]: 	at com.rs2.util.sql.VoteSql.isGreenDon(VoteSql.java:42)
[12/4/12 10:21 PM]: 	at com.rs2.util.RightsProcessor.checkRights(RightsProcessor.java:155)
[12/4/12 10:21 PM]: 	at com.rs2.model.players.Player.getStaffRights(Player.java:1737)
[12/4/12 10:21 PM]: 	at com.rs2.model.players.PlayerUpdating.appendChat(PlayerUpdating.java:134)
[12/4/12 10:21 PM]: 	at com.rs2.model.players.PlayerUpdating.updateState(PlayerUpdating.java:419)
[12/4/12 10:21 PM]: 	at com.rs2.model.players.PlayerUpdating.update(PlayerUpdating.java:82)
[12/4/12 10:21 PM]: 	at com.rs2.model.World.process(World.java:157)
[12/4/12 10:21 PM]: 	at com.rs2.Server.cycle(Server.java:330)
[12/4/12 10:21 PM]: 	at com.rs2.Server.run(Server.java:203)
[12/4/12 10:21 PM]: 	at java.lang.Thread.run(Unknown Source)
[12/4/12 10:28 PM]: 	at com.mysql.jdbc.ResultSet.buildIndexMapping(ResultSet.java:615)
[12/4/12 10:28 PM]: 	at com.mysql.jdbc.ResultSet.findColumn(ResultSet.java:946)
[12/4/12 10:28 PM]: 	at com.mysql.jdbc.ResultSet.getString(ResultSet.java:5613)
[12/4/12 10:28 PM]: 	at com.rs2.util.sql.VoteSql.isGreenDon(VoteSql.java:42)
[12/4/12 10:28 PM]: 	at com.rs2.util.RightsProcessor.checkRights(RightsProcessor.java:155)
[12/4/12 10:28 PM]: 	at com.rs2.model.players.Player.getStaffRights(Player.java:1737)
[12/4/12 10:28 PM]: 	at com.rs2.model.players.PlayerUpdating.appendChat(PlayerUpdating.java:134)
[12/4/12 10:28 PM]: 	at com.rs2.model.players.PlayerUpdating.updateState(PlayerUpdating.java:419)
[12/4/12 10:28 PM]: 	at com.rs2.model.players.PlayerUpdating.update(PlayerUpdating.java:82)
[12/4/12 10:28 PM]: 	at com.rs2.model.World.process(World.java:157)
[12/4/12 10:28 PM]: 	at com.rs2.Server.cycle(Server.java:330)
[12/4/12 10:28 PM]: 	at com.rs2.Server.run(Server.java:203)
[12/4/12 10:28 PM]: 	at java.lang.Thread.run(Unknown Source)
[12/4/12 10:31 PM]: 	at com.mysql.jdbc.SQLError.createSQLException(SQLError.java:910)
[12/4/12 10:31 PM]: 	at com.mysql.jdbc.ResultSet.checkClosed(ResultSet.java:655)
[12/4/12 10:31 PM]: 	at com.mysql.jdbc.ResultSet.checkRowPos(ResultSet.java:693)
[12/4/12 10:31 PM]: 	at com.mysql.jdbc.ResultSet.getStringInternal(ResultSet.java:5653)
[12/4/12 10:31 PM]: 	at com.mysql.jdbc.ResultSet.getString(ResultSet.java:5597)
[12/4/12 10:31 PM]: 	at com.mysql.jdbc.ResultSet.getString(ResultSet.java:5613)
[12/4/12 10:31 PM]: 	at com.rs2.util.sql.VoteSql.getSalt(VoteSql.java:430)
[12/4/12 10:31 PM]: 	at com.rs2.util.PlayerSave.load(PlayerSave.java:384)
[12/4/12 10:31 PM]: 	at com.rs2.model.players.Player.beginLogin(Player.java:1492)
[12/4/12 10:31 PM]: 	at com.rs2.net.Login.handleLogin(Login.java:209)
[12/4/12 10:31 PM]: 	at com.rs2.net.packet.PacketManager.handleIncomingData(PacketManager.java:207)
[12/4/12 10:31 PM]: 	at com.rs2.net.DedicatedReactor.run(DedicatedReactor.java:49)
[12/4/12 10:40 PM]: 	at com.rs2.model.players.BankManager.openBankOther(BankManager.java:36)
[12/4/12 10:40 PM]: 	at com.rs2.model.players.commands.OBank.execute(OBank.java:15)
[12/4/12 10:40 PM]: 	at com.rs2.model.players.CommandManager.execute(CommandManager.java:71)
[12/4/12 10:40 PM]: 	at com.rs2.net.packet.packets.CommandPacketHandler.handlePacket(CommandPacketHandler.java:17)
[12/4/12 10:40 PM]: 	at com.rs2.net.packet.PacketManager.handlePacket(PacketManager.java:141)
[12/4/12 10:40 PM]: 	at com.rs2.model.players.Player.handlePacket(Player.java:544)
[12/4/12 10:40 PM]: 	at com.rs2.net.packet.PacketManager.handleIncomingData(PacketManager.java:232)
[12/4/12 10:40 PM]: 	at com.rs2.Server.cycle(Server.java:318)
[12/4/12 10:40 PM]: 	at com.rs2.Server.run(Server.java:203)
[12/4/12 10:40 PM]: 	at java.lang.Thread.run(Unknown Source)
[12/4/12 10:44 PM]: 	at com.mysql.jdbc.SQLError.createSQLException(SQLError.java:910)
[12/4/12 10:44 PM]: 	at com.mysql.jdbc.ResultSet.checkClosed(ResultSet.java:655)
[12/4/12 10:44 PM]: 	at com.mysql.jdbc.ResultSet.next(ResultSet.java:7302)
[12/4/12 10:44 PM]: 	at com.rs2.util.sql.VoteSql.compareInfo(VoteSql.java:454)
[12/4/12 10:44 PM]: 	at com.rs2.util.PlayerSave.load(PlayerSave.java:385)
[12/4/12 10:44 PM]: 	at com.rs2.model.players.Player.beginLogin(Player.java:1492)
[12/4/12 10:44 PM]: 	at com.rs2.net.Login.handleLogin(Login.java:209)
[12/4/12 10:44 PM]: 	at com.rs2.net.packet.PacketManager.handleIncomingData(PacketManager.java:207)
[12/4/12 10:44 PM]: 	at com.rs2.net.DedicatedReactor.run(DedicatedReactor.java:49)
[12/4/12 10:45 PM]: 	at com.mysql.jdbc.SQLError.createSQLException(SQLError.java:910)
[12/4/12 10:45 PM]: 	at com.mysql.jdbc.ResultSet.checkClosed(ResultSet.java:655)
[12/4/12 10:45 PM]: 	at com.mysql.jdbc.ResultSet.next(ResultSet.java:7302)
[12/4/12 10:45 PM]: 	at com.rs2.util.sql.VoteSql.getSalt(VoteSql.java:429)
[12/4/12 10:45 PM]: 	at com.rs2.util.PlayerSave.load(PlayerSave.java:384)
[12/4/12 10:45 PM]: 	at com.rs2.model.players.Player.beginLogin(Player.java:1492)
[12/4/12 10:45 PM]: 	at com.rs2.net.Login.handleLogin(Login.java:209)
[12/4/12 10:45 PM]: 	at com.rs2.net.packet.PacketManager.handleIncomingData(PacketManager.java:207)
[12/4/12 10:45 PM]: 	at com.rs2.net.DedicatedReactor.run(DedicatedReactor.java:49)
[12/4/12 10:51 PM]: 	at java.lang.String.substring(Unknown Source)
[12/4/12 10:51 PM]: 	at java.lang.String.substring(Unknown Source)
[12/4/12 10:51 PM]: 	at com.rs2.model.players.commands.OBank.execute(OBank.java:13)
[12/4/12 10:51 PM]: 	at com.rs2.model.players.CommandManager.execute(CommandManager.java:71)
[12/4/12 10:51 PM]: 	at com.rs2.net.packet.packets.CommandPacketHandler.handlePacket(CommandPacketHandler.java:17)
[12/4/12 10:51 PM]: 	at com.rs2.net.packet.PacketManager.handlePacket(PacketManager.java:141)
[12/4/12 10:51 PM]: 	at com.rs2.model.players.Player.handlePacket(Player.java:544)
[12/4/12 10:51 PM]: 	at com.rs2.net.packet.PacketManager.handleIncomingData(PacketManager.java:232)
[12/4/12 10:51 PM]: 	at com.rs2.Server.cycle(Server.java:318)
[12/4/12 10:51 PM]: 	at com.rs2.Server.run(Server.java:203)
[12/4/12 10:51 PM]: 	at java.lang.Thread.run(Unknown Source)
[12/4/12 10:56 PM]: 	at com.rs2.model.players.BankManager.openBankOther(BankManager.java:36)
[12/4/12 10:56 PM]: 	at com.rs2.model.players.commands.OBank.execute(OBank.java:15)
[12/4/12 10:56 PM]: 	at com.rs2.model.players.CommandManager.execute(CommandManager.java:71)
[12/4/12 10:56 PM]: 	at com.rs2.net.packet.packets.CommandPacketHandler.handlePacket(CommandPacketHandler.java:17)
[12/4/12 10:56 PM]: 	at com.rs2.net.packet.PacketManager.handlePacket(PacketManager.java:141)
[12/4/12 10:56 PM]: 	at com.rs2.model.players.Player.handlePacket(Player.java:544)
[12/4/12 10:56 PM]: 	at com.rs2.net.packet.PacketManager.handleIncomingData(PacketManager.java:232)
[12/4/12 10:56 PM]: 	at com.rs2.Server.cycle(Server.java:318)
[12/4/12 10:56 PM]: 	at com.rs2.Server.run(Server.java:203)
[12/4/12 10:56 PM]: 	at java.lang.Thread.run(Unknown Source)
[12/4/12 11:03 PM]: 	at com.rs2.net.ActionSender.walkThroughDoor(ActionSender.java:1019)
[12/4/12 11:03 PM]: 	at com.rs2.model.players.WalkToActionHandler$1.execute(WalkToActionHandler.java:1126)
[12/4/12 11:03 PM]: 	at com.rs2.model.tick.Tick.cycle(Tick.java:139)
[12/4/12 11:03 PM]: 	at com.rs2.model.World.process(World.java:75)
[12/4/12 11:03 PM]: 	at com.rs2.Server.cycle(Server.java:330)
[12/4/12 11:03 PM]: 	at com.rs2.Server.run(Server.java:203)
[12/4/12 11:03 PM]: 	at java.lang.Thread.run(Unknown Source)
[12/4/12 11:07 PM]: 	at com.rs2.net.packet.packets.PlayerOptionPacketHandler$1.execute(PlayerOptionPacketHandler.java:93)
[12/4/12 11:07 PM]: 	at com.rs2.model.tick.Tick.cycle(Tick.java:139)
[12/4/12 11:07 PM]: 	at com.rs2.model.World.process(World.java:75)
[12/4/12 11:07 PM]: 	at com.rs2.Server.cycle(Server.java:330)
[12/4/12 11:07 PM]: 	at com.rs2.Server.run(Server.java:203)
[12/4/12 11:07 PM]: 	at java.lang.Thread.run(Unknown Source)
[12/4/12 11:09 PM]: 	at com.mysql.jdbc.SQLError.createSQLException(SQLError.java:910)
[12/4/12 11:09 PM]: 	at com.mysql.jdbc.ResultSet.checkClosed(ResultSet.java:655)
[12/4/12 11:09 PM]: 	at com.mysql.jdbc.ResultSet.checkRowPos(ResultSet.java:693)
[12/4/12 11:09 PM]: 	at com.mysql.jdbc.ResultSet.getStringInternal(ResultSet.java:5653)
[12/4/12 11:09 PM]: 	at com.mysql.jdbc.ResultSet.getString(ResultSet.java:5597)
[12/4/12 11:09 PM]: 	at com.mysql.jdbc.ResultSet.getString(ResultSet.java:5613)
[12/4/12 11:09 PM]: 	at com.rs2.util.sql.VoteSql.getSalt(VoteSql.java:430)
[12/4/12 11:09 PM]: 	at com.rs2.util.PlayerSave.load(PlayerSave.java:384)
[12/4/12 11:09 PM]: 	at com.rs2.model.players.Player.beginLogin(Player.java:1492)
[12/4/12 11:09 PM]: 	at com.rs2.net.Login.handleLogin(Login.java:209)
[12/4/12 11:09 PM]: 	at com.rs2.net.packet.PacketManager.handleIncomingData(PacketManager.java:207)
[12/4/12 11:09 PM]: 	at com.rs2.net.DedicatedReactor.run(DedicatedReactor.java:49)
[12/4/12 11:15 PM]: 	at com.mysql.jdbc.SQLError.createSQLException(SQLError.java:910)
[12/4/12 11:15 PM]: 	at com.mysql.jdbc.ResultSet.checkClosed(ResultSet.java:655)
[12/4/12 11:15 PM]: 	at com.mysql.jdbc.ResultSet.checkRowPos(ResultSet.java:693)
[12/4/12 11:15 PM]: 	at com.mysql.jdbc.ResultSet.getStringInternal(ResultSet.java:5653)
[12/4/12 11:15 PM]: 	at com.mysql.jdbc.ResultSet.getString(ResultSet.java:5597)
[12/4/12 11:15 PM]: 	at com.mysql.jdbc.ResultSet.getString(ResultSet.java:5613)
[12/4/12 11:15 PM]: 	at com.rs2.util.sql.VoteSql.getSalt(VoteSql.java:430)
[12/4/12 11:15 PM]: 	at com.rs2.util.PlayerSave.load(PlayerSave.java:384)
[12/4/12 11:15 PM]: 	at com.rs2.model.players.Player.beginLogin(Player.java:1492)
[12/4/12 11:15 PM]: 	at com.rs2.net.Login.handleLogin(Login.java:209)
[12/4/12 11:15 PM]: 	at com.rs2.net.packet.PacketManager.handleIncomingData(PacketManager.java:207)
[12/4/12 11:15 PM]: 	at com.rs2.net.DedicatedReactor.run(DedicatedReactor.java:49)
[12/4/12 11:30 PM]: 	at com.rs2.net.packet.packets.PlayerOptionPacketHandler$1.execute(PlayerOptionPacketHandler.java:93)
[12/4/12 11:30 PM]: 	at com.rs2.model.tick.Tick.cycle(Tick.java:139)
[12/4/12 11:30 PM]: 	at com.rs2.model.World.process(World.java:75)
[12/4/12 11:30 PM]: 	at com.rs2.Server.cycle(Server.java:330)
[12/4/12 11:30 PM]: 	at com.rs2.Server.run(Server.java:203)
[12/4/12 11:30 PM]: 	at java.lang.Thread.run(Unknown Source)
[12/5/12 12:03 AM]: 	at com.rs2.model.players.commands.IpBan.execute(IpBan.java:24)
[12/5/12 12:03 AM]: 	at com.rs2.model.players.CommandManager.execute(CommandManager.java:71)
[12/5/12 12:03 AM]: 	at com.rs2.net.packet.packets.CommandPacketHandler.handlePacket(CommandPacketHandler.java:17)
[12/5/12 12:03 AM]: 	at com.rs2.net.packet.PacketManager.handlePacket(PacketManager.java:141)
[12/5/12 12:03 AM]: 	at com.rs2.model.players.Player.handlePacket(Player.java:544)
[12/5/12 12:03 AM]: 	at com.rs2.net.packet.PacketManager.handleIncomingData(PacketManager.java:232)
[12/5/12 12:03 AM]: 	at com.rs2.Server.cycle(Server.java:318)
[12/5/12 12:03 AM]: 	at com.rs2.Server.run(Server.java:203)
[12/5/12 12:03 AM]: 	at java.lang.Thread.run(Unknown Source)
[12/5/12 12:03 AM]: 	at com.rs2.model.players.commands.Ban.execute(Ban.java:19)
[12/5/12 12:03 AM]: 	at com.rs2.model.players.CommandManager.execute(CommandManager.java:71)
[12/5/12 12:03 AM]: 	at com.rs2.net.packet.packets.CommandPacketHandler.handlePacket(CommandPacketHandler.java:17)
[12/5/12 12:03 AM]: 	at com.rs2.net.packet.PacketManager.handlePacket(PacketManager.java:141)
[12/5/12 12:03 AM]: 	at com.rs2.model.players.Player.handlePacket(Player.java:544)
[12/5/12 12:03 AM]: 	at com.rs2.net.packet.PacketManager.handleIncomingData(PacketManager.java:232)
[12/5/12 12:03 AM]: 	at com.rs2.Server.cycle(Server.java:318)
[12/5/12 12:03 AM]: 	at com.rs2.Server.run(Server.java:203)
[12/5/12 12:03 AM]: 	at java.lang.Thread.run(Unknown Source)
[12/5/12 1:15 AM]: 	at com.mysql.jdbc.SQLError.createSQLException(SQLError.java:910)
[12/5/12 1:15 AM]: 	at com.mysql.jdbc.ResultSet.checkClosed(ResultSet.java:655)
[12/5/12 1:15 AM]: 	at com.mysql.jdbc.ResultSet.next(ResultSet.java:7302)
[12/5/12 1:15 AM]: 	at com.rs2.util.sql.VoteSql.getSalt(VoteSql.java:429)
[12/5/12 1:15 AM]: 	at com.rs2.util.PlayerSave.load(PlayerSave.java:384)
[12/5/12 1:15 AM]: 	at com.rs2.model.players.Player.beginLogin(Player.java:1492)
[12/5/12 1:15 AM]: 	at com.rs2.net.Login.handleLogin(Login.java:209)
[12/5/12 1:15 AM]: 	at com.rs2.net.packet.PacketManager.handleIncomingData(PacketManager.java:207)
[12/5/12 1:15 AM]: 	at com.rs2.net.DedicatedReactor.run(DedicatedReactor.java:49)
[12/5/12 2:31 AM]: 	at com.mysql.jdbc.SQLError.createSQLException(SQLError.java:910)
[12/5/12 2:31 AM]: 	at com.mysql.jdbc.ResultSet.checkClosed(ResultSet.java:655)
[12/5/12 2:31 AM]: 	at com.mysql.jdbc.ResultSet.next(ResultSet.java:7302)
[12/5/12 2:31 AM]: 	at com.rs2.util.sql.VoteSql.playerExists(VoteSql.java:480)
[12/5/12 2:31 AM]: 	at com.rs2.util.PlayerSave.load(PlayerSave.java:392)
[12/5/12 2:31 AM]: 	at com.rs2.model.players.Player.beginLogin(Player.java:1492)
[12/5/12 2:31 AM]: 	at com.rs2.net.Login.handleLogin(Login.java:209)
[12/5/12 2:31 AM]: 	at com.rs2.net.packet.PacketManager.handleIncomingData(PacketManager.java:207)
[12/5/12 2:31 AM]: 	at com.rs2.net.DedicatedReactor.run(DedicatedReactor.java:49)
[12/5/12 2:31 AM]: 	at com.mysql.jdbc.SQLError.createSQLException(SQLError.java:931)
[12/5/12 2:31 AM]: 	at com.mysql.jdbc.MysqlIO.checkErrorPacket(MysqlIO.java:2941)
[12/5/12 2:31 AM]: 	at com.mysql.jdbc.MysqlIO.sendCommand(MysqlIO.java:1623)
[12/5/12 2:31 AM]: 	at com.mysql.jdbc.MysqlIO.sqlQueryDirect(MysqlIO.java:1715)
[12/5/12 2:31 AM]: 	at com.mysql.jdbc.Connection.execSQL(Connection.java:3243)
[12/5/12 2:31 AM]: 	at com.mysql.jdbc.Statement.executeUpdate(Statement.java:1343)
[12/5/12 2:31 AM]: 	at com.mysql.jdbc.Statement.executeUpdate(Statement.java:1260)
[12/5/12 2:31 AM]: 	at com.rs2.util.sql.VoteSql.insertNewChar(VoteSql.java:343)
[12/5/12 2:31 AM]: 	at com.rs2.util.PlayerSave.load(PlayerSave.java:410)
[12/5/12 2:31 AM]: 	at com.rs2.model.players.Player.beginLogin(Player.java:1492)
[12/5/12 2:31 AM]: 	at com.rs2.net.Login.handleLogin(Login.java:209)
[12/5/12 2:31 AM]: 	at com.rs2.net.packet.PacketManager.handleIncomingData(PacketManager.java:207)
[12/5/12 2:31 AM]: 	at com.rs2.net.DedicatedReactor.run(DedicatedReactor.java:49)
[12/5/12 2:33 AM]: 	at java.io.DataOutputStream.writeUTF(Unknown Source)
[12/5/12 2:33 AM]: 	at java.io.DataOutputStream.writeUTF(Unknown Source)
[12/5/12 2:33 AM]: 	at com.rs2.util.PlayerSave.save(PlayerSave.java:61)
[12/5/12 2:33 AM]: 	at com.rs2.model.players.BankManager.bankItem(BankManager.java:97)
[12/5/12 2:33 AM]: 	at com.rs2.net.packet.packets.ItemPacketHandler.handleClickAll(ItemPacketHandler.java:616)
[12/5/12 2:33 AM]: 	at com.rs2.net.packet.packets.ItemPacketHandler.handlePacket(ItemPacketHandler.java:131)
[12/5/12 2:33 AM]: 	at com.rs2.net.packet.PacketManager.handlePacket(PacketManager.java:141)
[12/5/12 2:33 AM]: 	at com.rs2.model.players.Player.handlePacket(Player.java:544)
[12/5/12 2:33 AM]: 	at com.rs2.net.packet.PacketManager.handleIncomingData(PacketManager.java:232)
[12/5/12 2:33 AM]: 	at com.rs2.Server.cycle(Server.java:318)
[12/5/12 2:33 AM]: 	at com.rs2.Server.run(Server.java:203)
[12/5/12 2:33 AM]: 	at java.lang.Thread.run(Unknown Source)
[12/5/12 2:33 AM]: 	at java.io.DataOutputStream.writeUTF(Unknown Source)
[12/5/12 2:33 AM]: 	at java.io.DataOutputStream.writeUTF(Unknown Source)
[12/5/12 2:33 AM]: 	at com.rs2.util.PlayerSave.save(PlayerSave.java:61)
[12/5/12 2:33 AM]: 	at com.rs2.model.players.BankManager.bankItem(BankManager.java:97)
[12/5/12 2:33 AM]: 	at com.rs2.net.packet.packets.ItemPacketHandler.handleClickAll(ItemPacketHandler.java:616)
[12/5/12 2:33 AM]: 	at com.rs2.net.packet.packets.ItemPacketHandler.handlePacket(ItemPacketHandler.java:131)
[12/5/12 2:33 AM]: 	at com.rs2.net.packet.PacketManager.handlePacket(PacketManager.java:141)
[12/5/12 2:33 AM]: 	at com.rs2.model.players.Player.handlePacket(Player.java:544)
[12/5/12 2:33 AM]: 	at com.rs2.net.packet.PacketManager.handleIncomingData(PacketManager.java:232)
[12/5/12 2:33 AM]: 	at com.rs2.Server.cycle(Server.java:318)
[12/5/12 2:33 AM]: 	at com.rs2.Server.run(Server.java:203)
[12/5/12 2:33 AM]: 	at java.lang.Thread.run(Unknown Source)
[12/5/12 2:33 AM]: 	at java.io.DataOutputStream.writeUTF(Unknown Source)
[12/5/12 2:33 AM]: 	at java.io.DataOutputStream.writeUTF(Unknown Source)
[12/5/12 2:33 AM]: 	at com.rs2.util.PlayerSave.save(PlayerSave.java:61)
[12/5/12 2:33 AM]: 	at com.rs2.model.players.BankManager.bankItem(BankManager.java:97)
[12/5/12 2:33 AM]: 	at com.rs2.net.packet.packets.ItemPacketHandler.handleClick1(ItemPacketHandler.java:477)
[12/5/12 2:33 AM]: 	at com.rs2.net.packet.packets.ItemPacketHandler.handlePacket(ItemPacketHandler.java:122)
[12/5/12 2:33 AM]: 	at com.rs2.net.packet.PacketManager.handlePacket(PacketManager.java:141)
[12/5/12 2:33 AM]: 	at com.rs2.model.players.Player.handlePacket(Player.java:544)
[12/5/12 2:33 AM]: 	at com.rs2.net.packet.PacketManager.handleIncomingData(PacketManager.java:232)
[12/5/12 2:33 AM]: 	at com.rs2.Server.cycle(Server.java:318)
[12/5/12 2:33 AM]: 	at com.rs2.Server.run(Server.java:203)
[12/5/12 2:33 AM]: 	at java.lang.Thread.run(Unknown Source)
[12/5/12 2:33 AM]: 	at java.io.DataOutputStream.writeUTF(Unknown Source)
[12/5/12 2:33 AM]: 	at java.io.DataOutputStream.writeUTF(Unknown Source)
[12/5/12 2:33 AM]: 	at com.rs2.util.PlayerSave.save(PlayerSave.java:61)
[12/5/12 2:33 AM]: 	at com.rs2.model.players.BankManager.bankItem(BankManager.java:97)
[12/5/12 2:33 AM]: 	at com.rs2.net.packet.packets.ItemPacketHandler.handleClick1(ItemPacketHandler.java:477)
[12/5/12 2:33 AM]: 	at com.rs2.net.packet.packets.ItemPacketHandler.handlePacket(ItemPacketHandler.java:122)
[12/5/12 2:33 AM]: 	at com.rs2.net.packet.PacketManager.handlePacket(PacketManager.java:141)
[12/5/12 2:33 AM]: 	at com.rs2.model.players.Player.handlePacket(Player.java:544)
[12/5/12 2:33 AM]: 	at com.rs2.net.packet.PacketManager.handleIncomingData(PacketManager.java:232)
[12/5/12 2:33 AM]: 	at com.rs2.Server.cycle(Server.java:318)
[12/5/12 2:33 AM]: 	at com.rs2.Server.run(Server.java:203)
[12/5/12 2:33 AM]: 	at java.lang.Thread.run(Unknown Source)
[12/5/12 2:33 AM]: 	at java.io.DataOutputStream.writeUTF(Unknown Source)
[12/5/12 2:33 AM]: 	at java.io.DataOutputStream.writeUTF(Unknown Source)
[12/5/12 2:33 AM]: 	at com.rs2.util.PlayerSave.save(PlayerSave.java:61)
[12/5/12 2:33 AM]: 	at com.rs2.model.players.BankManager.bankItem(BankManager.java:97)
[12/5/12 2:33 AM]: 	at com.rs2.net.packet.packets.ItemPacketHandler.handleClick1(ItemPacketHandler.java:477)
[12/5/12 2:33 AM]: 	at com.rs2.net.packet.packets.ItemPacketHandler.handlePacket(ItemPacketHandler.java:122)
[12/5/12 2:33 AM]: 	at com.rs2.net.packet.PacketManager.handlePacket(PacketManager.java:141)
[12/5/12 2:33 AM]: 	at com.rs2.model.players.Player.handlePacket(Player.java:544)
[12/5/12 2:33 AM]: 	at com.rs2.net.packet.PacketManager.handleIncomingData(PacketManager.java:232)
[12/5/12 2:33 AM]: 	at com.rs2.Server.cycle(Server.java:318)
[12/5/12 2:33 AM]: 	at com.rs2.Server.run(Server.java:203)
[12/5/12 2:33 AM]: 	at java.lang.Thread.run(Unknown Source)
[12/5/12 2:33 AM]: 	at java.io.DataOutputStream.writeUTF(Unknown Source)
[12/5/12 2:33 AM]: 	at java.io.DataOutputStream.writeUTF(Unknown Source)
[12/5/12 2:33 AM]: 	at com.rs2.util.PlayerSave.save(PlayerSave.java:61)
[12/5/12 2:33 AM]: 	at com.rs2.model.players.BankManager.bankItem(BankManager.java:97)
[12/5/12 2:33 AM]: 	at com.rs2.net.packet.packets.ItemPacketHandler.handleClick1(ItemPacketHandler.java:477)
[12/5/12 2:33 AM]: 	at com.rs2.net.packet.packets.ItemPacketHandler.handlePacket(ItemPacketHandler.java:122)
[12/5/12 2:33 AM]: 	at com.rs2.net.packet.PacketManager.handlePacket(PacketManager.java:141)
[12/5/12 2:33 AM]: 	at com.rs2.model.players.Player.handlePacket(Player.java:544)
[12/5/12 2:33 AM]: 	at com.rs2.net.packet.PacketManager.handleIncomingData(PacketManager.java:232)
[12/5/12 2:33 AM]: 	at com.rs2.Server.cycle(Server.java:318)
[12/5/12 2:33 AM]: 	at com.rs2.Server.run(Server.java:203)
[12/5/12 2:33 AM]: 	at java.lang.Thread.run(Unknown Source)
[12/5/12 2:33 AM]: 	at java.io.DataOutputStream.writeUTF(Unknown Source)
[12/5/12 2:33 AM]: 	at java.io.DataOutputStream.writeUTF(Unknown Source)
[12/5/12 2:33 AM]: 	at com.rs2.util.PlayerSave.save(PlayerSave.java:61)
[12/5/12 2:33 AM]: 	at com.rs2.model.players.BankManager.bankItem(BankManager.java:97)
[12/5/12 2:33 AM]: 	at com.rs2.net.packet.packets.ItemPacketHandler.handleClick1(ItemPacketHandler.java:477)
[12/5/12 2:33 AM]: 	at com.rs2.net.packet.packets.ItemPacketHandler.handlePacket(ItemPacketHandler.java:122)
[12/5/12 2:33 AM]: 	at com.rs2.net.packet.PacketManager.handlePacket(PacketManager.java:141)
[12/5/12 2:33 AM]: 	at com.rs2.model.players.Player.handlePacket(Player.java:544)
[12/5/12 2:33 AM]: 	at com.rs2.net.packet.PacketManager.handleIncomingData(PacketManager.java:232)
[12/5/12 2:33 AM]: 	at com.rs2.Server.cycle(Server.java:318)
[12/5/12 2:33 AM]: 	at com.rs2.Server.run(Server.java:203)
[12/5/12 2:33 AM]: 	at java.lang.Thread.run(Unknown Source)
[12/5/12 2:33 AM]: 	at java.io.DataOutputStream.writeUTF(Unknown Source)
[12/5/12 2:33 AM]: 	at java.io.DataOutputStream.writeUTF(Unknown Source)
[12/5/12 2:33 AM]: 	at com.rs2.util.PlayerSave.save(PlayerSave.java:61)
[12/5/12 2:33 AM]: 	at com.rs2.model.players.BankManager.bankItem(BankManager.java:97)
[12/5/12 2:33 AM]: 	at com.rs2.net.packet.packets.ItemPacketHandler.handleClick1(ItemPacketHandler.java:477)
[12/5/12 2:33 AM]: 	at com.rs2.net.packet.packets.ItemPacketHandler.handlePacket(ItemPacketHandler.java:122)
[12/5/12 2:33 AM]: 	at com.rs2.net.packet.PacketManager.handlePacket(PacketManager.java:141)
[12/5/12 2:33 AM]: 	at com.rs2.model.players.Player.handlePacket(Player.java:544)
[12/5/12 2:33 AM]: 	at com.rs2.net.packet.PacketManager.handleIncomingData(PacketManager.java:232)
[12/5/12 2:33 AM]: 	at com.rs2.Server.cycle(Server.java:318)
[12/5/12 2:33 AM]: 	at com.rs2.Server.run(Server.java:203)
[12/5/12 2:33 AM]: 	at java.lang.Thread.run(Unknown Source)
[12/5/12 2:33 AM]: 	at java.io.DataOutputStream.writeUTF(Unknown Source)
[12/5/12 2:33 AM]: 	at java.io.DataOutputStream.writeUTF(Unknown Source)
[12/5/12 2:33 AM]: 	at com.rs2.util.PlayerSave.save(PlayerSave.java:61)
[12/5/12 2:33 AM]: 	at com.rs2.model.players.BankManager.bankItem(BankManager.java:97)
[12/5/12 2:33 AM]: 	at com.rs2.net.packet.packets.ItemPacketHandler.handleClick1(ItemPacketHandler.java:477)
[12/5/12 2:33 AM]: 	at com.rs2.net.packet.packets.ItemPacketHandler.handlePacket(ItemPacketHandler.java:122)
[12/5/12 2:33 AM]: 	at com.rs2.net.packet.PacketManager.handlePacket(PacketManager.java:141)
[12/5/12 2:33 AM]: 	at com.rs2.model.players.Player.handlePacket(Player.java:544)
[12/5/12 2:33 AM]: 	at com.rs2.net.packet.PacketManager.handleIncomingData(PacketManager.java:232)
[12/5/12 2:33 AM]: 	at com.rs2.Server.cycle(Server.java:318)
[12/5/12 2:33 AM]: 	at com.rs2.Server.run(Server.java:203)
[12/5/12 2:33 AM]: 	at java.lang.Thread.run(Unknown Source)
[12/5/12 2:33 AM]: 	at java.io.DataOutputStream.writeUTF(Unknown Source)
[12/5/12 2:33 AM]: 	at java.io.DataOutputStream.writeUTF(Unknown Source)
[12/5/12 2:33 AM]: 	at com.rs2.util.PlayerSave.save(PlayerSave.java:61)
[12/5/12 2:33 AM]: 	at com.rs2.model.players.BankManager.bankItem(BankManager.java:97)
[12/5/12 2:33 AM]: 	at com.rs2.net.packet.packets.ItemPacketHandler.handleClickAll(ItemPacketHandler.java:616)
[12/5/12 2:33 AM]: 	at com.rs2.net.packet.packets.ItemPacketHandler.handlePacket(ItemPacketHandler.java:131)
[12/5/12 2:33 AM]: 	at com.rs2.net.packet.PacketManager.handlePacket(PacketManager.java:141)
[12/5/12 2:33 AM]: 	at com.rs2.model.players.Player.handlePacket(Player.java:544)
[12/5/12 2:33 AM]: 	at com.rs2.net.packet.PacketManager.handleIncomingData(PacketManager.java:232)
[12/5/12 2:33 AM]: 	at com.rs2.Server.cycle(Server.java:318)
[12/5/12 2:33 AM]: 	at com.rs2.Server.run(Server.java:203)
[12/5/12 2:33 AM]: 	at java.lang.Thread.run(Unknown Source)
[12/5/12 2:33 AM]: 	at java.io.DataOutputStream.writeUTF(Unknown Source)
[12/5/12 2:33 AM]: 	at java.io.DataOutputStream.writeUTF(Unknown Source)
[12/5/12 2:33 AM]: 	at com.rs2.util.PlayerSave.save(PlayerSave.java:61)
[12/5/12 2:33 AM]: 	at com.rs2.model.players.BankManager.bankItem(BankManager.java:97)
[12/5/12 2:33 AM]: 	at com.rs2.net.packet.packets.ItemPacketHandler.handleClick1(ItemPacketHandler.java:477)
[12/5/12 2:33 AM]: 	at com.rs2.net.packet.packets.ItemPacketHandler.handlePacket(ItemPacketHandler.java:122)
[12/5/12 2:33 AM]: 	at com.rs2.net.packet.PacketManager.handlePacket(PacketManager.java:141)
[12/5/12 2:33 AM]: 	at com.rs2.model.players.Player.handlePacket(Player.java:544)
[12/5/12 2:33 AM]: 	at com.rs2.net.packet.PacketManager.handleIncomingData(PacketManager.java:232)
[12/5/12 2:33 AM]: 	at com.rs2.Server.cycle(Server.java:318)
[12/5/12 2:33 AM]: 	at com.rs2.Server.run(Server.java:203)
[12/5/12 2:33 AM]: 	at java.lang.Thread.run(Unknown Source)
[12/5/12 2:33 AM]: 	at java.io.DataOutputStream.writeUTF(Unknown Source)
[12/5/12 2:33 AM]: 	at java.io.DataOutputStream.writeUTF(Unknown Source)
[12/5/12 2:33 AM]: 	at com.rs2.util.PlayerSave.save(PlayerSave.java:61)
[12/5/12 2:33 AM]: 	at com.rs2.model.players.BankManager.bankItem(BankManager.java:97)
[12/5/12 2:33 AM]: 	at com.rs2.net.packet.packets.ItemPacketHandler.handleClick1(ItemPacketHandler.java:477)
[12/5/12 2:33 AM]: 	at com.rs2.net.packet.packets.ItemPacketHandler.handlePacket(ItemPacketHandler.java:122)
[12/5/12 2:33 AM]: 	at com.rs2.net.packet.PacketManager.handlePacket(PacketManager.java:141)
[12/5/12 2:33 AM]: 	at com.rs2.model.players.Player.handlePacket(Player.java:544)
[12/5/12 2:33 AM]: 	at com.rs2.net.packet.PacketManager.handleIncomingData(PacketManager.java:232)
[12/5/12 2:33 AM]: 	at com.rs2.Server.cycle(Server.java:318)
[12/5/12 2:33 AM]: 	at com.rs2.Server.run(Server.java:203)
[12/5/12 2:33 AM]: 	at java.lang.Thread.run(Unknown Source)
[12/5/12 2:33 AM]: 	at java.io.DataOutputStream.writeUTF(Unknown Source)
[12/5/12 2:33 AM]: 	at java.io.DataOutputStream.writeUTF(Unknown Source)
[12/5/12 2:33 AM]: 	at com.rs2.util.PlayerSave.save(PlayerSave.java:61)
[12/5/12 2:33 AM]: 	at com.rs2.model.players.BankManager.bankItem(BankManager.java:97)
[12/5/12 2:33 AM]: 	at com.rs2.net.packet.packets.ItemPacketHandler.handleClickAll(ItemPacketHandler.java:616)
[12/5/12 2:33 AM]: 	at com.rs2.net.packet.packets.ItemPacketHandler.handlePacket(ItemPacketHandler.java:131)
[12/5/12 2:33 AM]: 	at com.rs2.net.packet.PacketManager.handlePacket(PacketManager.java:141)
[12/5/12 2:33 AM]: 	at com.rs2.model.players.Player.handlePacket(Player.java:544)
[12/5/12 2:33 AM]: 	at com.rs2.net.packet.PacketManager.handleIncomingData(PacketManager.java:232)
[12/5/12 2:33 AM]: 	at com.rs2.Server.cycle(Server.java:318)
[12/5/12 2:33 AM]: 	at com.rs2.Server.run(Server.java:203)
[12/5/12 2:33 AM]: 	at java.lang.Thread.run(Unknown Source)
[12/5/12 2:33 AM]: 	at java.io.DataOutputStream.writeUTF(Unknown Source)
[12/5/12 2:33 AM]: 	at java.io.DataOutputStream.writeUTF(Unknown Source)
[12/5/12 2:33 AM]: 	at com.rs2.util.PlayerSave.save(PlayerSave.java:61)
[12/5/12 2:33 AM]: 	at com.rs2.model.players.BankManager.bankItem(BankManager.java:97)
[12/5/12 2:33 AM]: 	at com.rs2.net.packet.packets.ItemPacketHandler.handleClickAll(ItemPacketHandler.java:616)
[12/5/12 2:33 AM]: 	at com.rs2.net.packet.packets.ItemPacketHandler.handlePacket(ItemPacketHandler.java:131)
[12/5/12 2:33 AM]: 	at com.rs2.net.packet.PacketManager.handlePacket(PacketManager.java:141)
[12/5/12 2:33 AM]: 	at com.rs2.model.players.Player.handlePacket(Player.java:544)
[12/5/12 2:33 AM]: 	at com.rs2.net.packet.PacketManager.handleIncomingData(PacketManager.java:232)
[12/5/12 2:33 AM]: 	at com.rs2.Server.cycle(Server.java:318)
[12/5/12 2:33 AM]: 	at com.rs2.Server.run(Server.java:203)
[12/5/12 2:33 AM]: 	at java.lang.Thread.run(Unknown Source)
[12/5/12 2:33 AM]: 	at java.io.DataOutputStream.writeUTF(Unknown Source)
[12/5/12 2:33 AM]: 	at java.io.DataOutputStream.writeUTF(Unknown Source)
[12/5/12 2:33 AM]: 	at com.rs2.util.PlayerSave.save(PlayerSave.java:61)
[12/5/12 2:33 AM]: 	at com.rs2.model.players.BankManager.bankItem(BankManager.java:97)
[12/5/12 2:33 AM]: 	at com.rs2.net.packet.packets.ItemPacketHandler.handleClickAll(ItemPacketHandler.java:616)
[12/5/12 2:33 AM]: 	at com.rs2.net.packet.packets.ItemPacketHandler.handlePacket(ItemPacketHandler.java:131)
[12/5/12 2:33 AM]: 	at com.rs2.net.packet.PacketManager.handlePacket(PacketManager.java:141)
[12/5/12 2:33 AM]: 	at com.rs2.model.players.Player.handlePacket(Player.java:544)
[12/5/12 2:33 AM]: 	at com.rs2.net.packet.PacketManager.handleIncomingData(PacketManager.java:232)
[12/5/12 2:33 AM]: 	at com.rs2.Server.cycle(Server.java:318)
[12/5/12 2:33 AM]: 	at com.rs2.Server.run(Server.java:203)
[12/5/12 2:33 AM]: 	at java.lang.Thread.run(Unknown Source)
[12/5/12 2:33 AM]: 	at java.io.DataOutputStream.writeUTF(Unknown Source)
[12/5/12 2:33 AM]: 	at java.io.DataOutputStream.writeUTF(Unknown Source)
[12/5/12 2:33 AM]: 	at com.rs2.util.PlayerSave.save(PlayerSave.java:61)
[12/5/12 2:33 AM]: 	at com.rs2.model.players.BankManager.bankItem(BankManager.java:97)
[12/5/12 2:33 AM]: 	at com.rs2.net.packet.packets.ItemPacketHandler.handleClickAll(ItemPacketHandler.java:616)
[12/5/12 2:33 AM]: 	at com.rs2.net.packet.packets.ItemPacketHandler.handlePacket(ItemPacketHandler.java:131)
[12/5/12 2:33 AM]: 	at com.rs2.net.packet.PacketManager.handlePacket(PacketManager.java:141)
[12/5/12 2:33 AM]: 	at com.rs2.model.players.Player.handlePacket(Player.java:544)
[12/5/12 2:33 AM]: 	at com.rs2.net.packet.PacketManager.handleIncomingData(PacketManager.java:232)
[12/5/12 2:33 AM]: 	at com.rs2.Server.cycle(Server.java:318)
[12/5/12 2:33 AM]: 	at com.rs2.Server.run(Server.java:203)
[12/5/12 2:33 AM]: 	at java.lang.Thread.run(Unknown Source)
[12/5/12 5:25 AM]: 	at com.mysql.jdbc.SQLError.createSQLException(SQLError.java:910)
[12/5/12 5:25 AM]: 	at com.mysql.jdbc.ResultSet.checkClosed(ResultSet.java:655)
[12/5/12 5:25 AM]: 	at com.mysql.jdbc.ResultSet.checkRowPos(ResultSet.java:693)
[12/5/12 5:25 AM]: 	at com.mysql.jdbc.ResultSet.getStringInternal(ResultSet.java:5653)
[12/5/12 5:25 AM]: 	at com.mysql.jdbc.ResultSet.getString(ResultSet.java:5597)
[12/5/12 5:25 AM]: 	at com.mysql.jdbc.ResultSet.getString(ResultSet.java:5613)
[12/5/12 5:25 AM]: 	at com.rs2.util.sql.VoteSql.getSalt(VoteSql.java:430)
[12/5/12 5:25 AM]: 	at com.rs2.util.PlayerSave.load(PlayerSave.java:384)
[12/5/12 5:25 AM]: 	at com.rs2.model.players.Player.beginLogin(Player.java:1492)
[12/5/12 5:25 AM]: 	at com.rs2.net.Login.handleLogin(Login.java:209)
[12/5/12 5:25 AM]: 	at com.rs2.net.packet.PacketManager.handleIncomingData(PacketManager.java:207)
[12/5/12 5:25 AM]: 	at com.rs2.net.DedicatedReactor.run(DedicatedReactor.java:49)
[12/5/12 5:34 AM]: 	at com.mysql.jdbc.SQLError.createSQLException(SQLError.java:910)
[12/5/12 5:34 AM]: 	at com.mysql.jdbc.ResultSet.checkClosed(ResultSet.java:655)
[12/5/12 5:34 AM]: 	at com.mysql.jdbc.ResultSet.next(ResultSet.java:7302)
[12/5/12 5:34 AM]: 	at com.rs2.util.sql.VoteSql.getSalt(VoteSql.java:429)
[12/5/12 5:34 AM]: 	at com.rs2.util.PlayerSave.load(PlayerSave.java:384)
[12/5/12 5:34 AM]: 	at com.rs2.model.players.Player.beginLogin(Player.java:1492)
[12/5/12 5:34 AM]: 	at com.rs2.net.Login.handleLogin(Login.java:209)
[12/5/12 5:34 AM]: 	at com.rs2.net.packet.PacketManager.handleIncomingData(PacketManager.java:207)
[12/5/12 5:34 AM]: 	at com.rs2.net.DedicatedReactor.run(DedicatedReactor.java:49)
[12/5/12 6:48 AM]: 	at com.mysql.jdbc.SQLError.createSQLException(SQLError.java:910)
[12/5/12 6:48 AM]: 	at com.mysql.jdbc.ResultSet.checkClosed(ResultSet.java:655)
[12/5/12 6:48 AM]: 	at com.mysql.jdbc.ResultSet.next(ResultSet.java:7302)
[12/5/12 6:48 AM]: 	at com.rs2.util.sql.VoteSql.getSalt(VoteSql.java:429)
[12/5/12 6:48 AM]: 	at com.rs2.util.PlayerSave.load(PlayerSave.java:384)
[12/5/12 6:48 AM]: 	at com.rs2.model.players.Player.beginLogin(Player.java:1492)
[12/5/12 6:48 AM]: 	at com.rs2.net.Login.handleLogin(Login.java:209)
[12/5/12 6:48 AM]: 	at com.rs2.net.packet.PacketManager.handleIncomingData(PacketManager.java:207)
[12/5/12 6:48 AM]: 	at com.rs2.net.DedicatedReactor.run(DedicatedReactor.java:49)
[12/5/12 6:48 AM]: 	at com.mysql.jdbc.SQLError.createSQLException(SQLError.java:910)
[12/5/12 6:48 AM]: 	at com.mysql.jdbc.ResultSet.checkClosed(ResultSet.java:655)
[12/5/12 6:48 AM]: 	at com.mysql.jdbc.ResultSet.next(ResultSet.java:7302)
[12/5/12 6:48 AM]: 	at com.rs2.util.sql.VoteSql.isGreenDon(VoteSql.java:41)
[12/5/12 6:48 AM]: 	at com.rs2.util.RightsProcessor.checkRights(RightsProcessor.java:155)
[12/5/12 6:48 AM]: 	at com.rs2.model.players.Player.getStaffRights(Player.java:1737)
[12/5/12 6:48 AM]: 	at com.rs2.model.players.PlayerUpdating.appendChat(PlayerUpdating.java:134)
[12/5/12 6:48 AM]: 	at com.rs2.model.players.PlayerUpdating.updateState(PlayerUpdating.java:419)
[12/5/12 6:48 AM]: 	at com.rs2.model.players.PlayerUpdating.update(PlayerUpdating.java:82)
[12/5/12 6:48 AM]: 	at com.rs2.model.World.process(World.java:157)
[12/5/12 6:48 AM]: 	at com.rs2.Server.cycle(Server.java:330)
[12/5/12 6:48 AM]: 	at com.rs2.Server.run(Server.java:203)
[12/5/12 6:48 AM]: 	at java.lang.Thread.run(Unknown Source)
[12/5/12 8:01 AM]: 	at com.rs2.net.packet.packets.PlayerOptionPacketHandler$1.execute(PlayerOptionPacketHandler.java:93)
[12/5/12 8:01 AM]: 	at com.rs2.model.tick.Tick.cycle(Tick.java:139)
[12/5/12 8:01 AM]: 	at com.rs2.model.World.process(World.java:75)
[12/5/12 8:01 AM]: 	at com.rs2.Server.cycle(Server.java:330)
[12/5/12 8:01 AM]: 	at com.rs2.Server.run(Server.java:203)
[12/5/12 8:01 AM]: 	at java.lang.Thread.run(Unknown Source)
[12/5/12 8:04 AM]: 	at com.mysql.jdbc.SQLError.createSQLException(SQLError.java:910)
[12/5/12 8:04 AM]: 	at com.mysql.jdbc.ResultSet.checkClosed(ResultSet.java:655)
[12/5/12 8:04 AM]: 	at com.mysql.jdbc.ResultSet.next(ResultSet.java:7302)
[12/5/12 8:04 AM]: 	at com.rs2.util.sql.VoteSql.getSalt(VoteSql.java:429)
[12/5/12 8:04 AM]: 	at com.rs2.util.PlayerSave.load(PlayerSave.java:384)
[12/5/12 8:04 AM]: 	at com.rs2.model.players.Player.beginLogin(Player.java:1492)
[12/5/12 8:04 AM]: 	at com.rs2.net.Login.handleLogin(Login.java:209)
[12/5/12 8:04 AM]: 	at com.rs2.net.packet.PacketManager.handleIncomingData(PacketManager.java:207)
[12/5/12 8:04 AM]: 	at com.rs2.net.DedicatedReactor.run(DedicatedReactor.java:49)
[12/5/12 8:16 AM]: 	at java.util.LinkedList$ListItr.checkForComodification(Unknown Source)
[12/5/12 8:16 AM]: 	at java.util.LinkedList$ListItr.remove(Unknown Source)
[12/5/12 8:16 AM]: 	at com.rs2.Server.cycle(Server.java:342)
[12/5/12 8:16 AM]: 	at com.rs2.Server.run(Server.java:203)
[12/5/12 8:16 AM]: 	at java.lang.Thread.run(Unknown Source)
[12/5/12 6:19 PM]: 	at com.rs2.model.content.dialogue.Dialogues.sendDialogue(Dialogues.java:72)
[12/5/12 6:19 PM]: 	at com.rs2.model.content.dialogue.Dialogues.sendDialogue(Dialogues.java:46)
[12/5/12 6:19 PM]: 	at com.rs2.model.content.dialogue.Dialogues.startDialogue(Dialogues.java:42)
[12/5/12 6:19 PM]: 	at com.rs2.net.packet.packets.ItemPacketHandler.handleThirdClickItem(ItemPacketHandler.java:888)
[12/5/12 6:19 PM]: 	at com.rs2.net.packet.packets.ItemPacketHandler.handlePacket(ItemPacketHandler.java:143)
[12/5/12 6:19 PM]: 	at com.rs2.net.packet.PacketManager.handlePacket(PacketManager.java:141)
[12/5/12 6:19 PM]: 	at com.rs2.model.players.Player.handlePacket(Player.java:544)
[12/5/12 6:19 PM]: 	at com.rs2.net.packet.PacketManager.handleIncomingData(PacketManager.java:232)
[12/5/12 6:19 PM]: 	at com.rs2.Server.cycle(Server.java:318)
[12/5/12 6:19 PM]: 	at com.rs2.Server.run(Server.java:203)
[12/5/12 6:19 PM]: 	at java.lang.Thread.run(Unknown Source)
